<?xml version="1.0" encoding="UTF-8"?>
<!-- Generated by org.testng.reporters.JUnitXMLReporter -->
<testsuite ignored="0" hostname="LTIN215913" failures="0" tests="21" name="Test" time="125.406" errors="0" timestamp="2024-03-21T12:47:13 IST">
  <testcase classname="test_Cases.TS_Login" name="LoginClick" time="3.138"/>
  <testcase classname="test_Cases.TS_Login" name="InvalidLogin" time="2.996"/>
  <testcase classname="test_Cases.TS_Login" name="Error_Navigate" time="4.229"/>
  <testcase classname="test_Cases.TS_Login" name="LoginClickNew" time="2.497"/>
  <testcase classname="test_Cases.TS_Login" name="ValidLogin" time="3.551"/>
  <testcase classname="test_Cases.TS_1" name="Handle_Popup" time="6.713"/>
  <testcase classname="test_Cases.TS_1" name="Price_Setting" time="3.166"/>
  <testcase classname="test_Cases.TS_1" name="Storage_Stock" time="1.147"/>
  <testcase classname="test_Cases.TS_1" name="BookShelve" time="4.003"/>
  <testcase classname="test_Cases.TS_2" name="Popup_Handling" time="5.978"/>
  <testcase classname="test_Cases.TS_2" name="hover_price" time="3.145"/>
  <testcase classname="test_Cases.TS_2" name="Storage_Stock" time="1.105"/>
  <testcase classname="test_Cases.TS_2" name="select_Home_dkr" time="0.954"/>
  <testcase classname="test_Cases.TS_2" name="Print_Book2" time="0.646"/>
  <testcase classname="test_Cases.TS_2" name="print_collection" time="2.007"/>
  <testcase classname="test_Cases.TS_3" name="click_gift_card" time="4.939"/>
  <testcase classname="test_Cases.TS_3" name="click_bNa" time="0.309"/>
  <testcase classname="test_Cases.TS_3" name="gift_info" time="1.477"/>
  <testcase classname="test_Cases.TS_3" name="recipient_info" time="0.855"/>
  <testcase classname="test_Cases.TS_3" name="senders_info" time="1.311"/>
  <testcase classname="test_Cases.TS_3" name="error_info" time="0.047"/>
</testsuite> <!-- Test -->
