<?xml version="1.0" encoding="UTF-8"?>
<!-- Generated by org.testng.reporters.JUnitXMLReporter -->
<testsuite ignored="0" hostname="LTIN215913" failures="0" tests="21" name="Test" time="496.421" errors="0" timestamp="2024-03-22T15:57:48 IST">
  <testcase classname="test_Cases.TS_Login" name="LoginClick" time="2.71"/>
  <testcase classname="test_Cases.TS_Login" name="InvalidLogin" time="41.442"/>
  <testcase classname="test_Cases.TS_Login" name="Error_Navigate" time="42.7"/>
  <testcase classname="test_Cases.TS_Login" name="LoginClickNew" time="2.41"/>
  <testcase classname="test_Cases.TS_Login" name="ValidLogin" time="41.985"/>
  <testcase classname="test_Cases.TS_1" name="Handle_Popup" time="40.574"/>
  <testcase classname="test_Cases.TS_1" name="Price_Setting" time="2.786"/>
  <testcase classname="test_Cases.TS_1" name="Storage_Stock" time="0.538"/>
  <testcase classname="test_Cases.TS_1" name="BookShelve" time="3.308"/>
  <testcase classname="test_Cases.TS_2" name="Popup_Handling" time="40.189"/>
  <testcase classname="test_Cases.TS_2" name="hover_price" time="2.773"/>
  <testcase classname="test_Cases.TS_2" name="Storage_Stock" time="0.459"/>
  <testcase classname="test_Cases.TS_2" name="select_Home_dkr" time="0.324"/>
  <testcase classname="test_Cases.TS_2" name="Print_Book2" time="0.608"/>
  <testcase classname="test_Cases.TS_2" name="print_collection" time="1.789"/>
  <testcase classname="test_Cases.TS_3" name="click_gift_card" time="43.106"/>
  <testcase classname="test_Cases.TS_3" name="click_bNa" time="0.3"/>
  <testcase classname="test_Cases.TS_3" name="gift_info" time="3.593"/>
  <testcase classname="test_Cases.TS_3" name="recipient_info" time="0.585"/>
  <testcase classname="test_Cases.TS_3" name="senders_info" time="1.375"/>
  <testcase classname="test_Cases.TS_3" name="error_info" time="0.049"/>
</testsuite> <!-- Test -->
