<?xml version="1.0" encoding="UTF-8"?>
<testng-results ignored="0" total="21" passed="21" failed="0" skipped="0">
  <reporter-output>
  </reporter-output>
  <suite started-at="2024-03-22T15:49:29 IST" name="Suite" finished-at="2024-03-22T15:57:46 IST" duration-ms="496421">
    <groups>
    </groups>
    <test started-at="2024-03-22T15:49:29 IST" name="Test" finished-at="2024-03-22T15:57:46 IST" duration-ms="496421">
      <class name="test_Cases.TS_Login">
        <test-method is-config="true" signature="setup(java.lang.String)[pri:0, instance:test_Cases.TS_Login@48075da3]" started-at="2024-03-22T15:49:30 IST" name="setup" finished-at="2024-03-22T15:50:26 IST" duration-ms="55648" status="PASS">
          <params>
            <param index="0">
              <value>
                <![CDATA[chrome]]>
              </value>
            </param>
          </params>
          <reporter-output>
          </reporter-output>
        </test-method> <!-- setup -->
        <test-method is-config="true" signature="set()[pri:0, instance:test_Cases.TS_Login@48075da3]" started-at="2024-03-22T15:50:26 IST" name="set" finished-at="2024-03-22T15:50:26 IST" duration-ms="123" status="PASS">
          <reporter-output>
          </reporter-output>
        </test-method> <!-- set -->
        <test-method signature="LoginClick()[pri:1, instance:test_Cases.TS_Login@48075da3]" started-at="2024-03-22T15:50:26 IST" name="LoginClick" finished-at="2024-03-22T15:50:29 IST" duration-ms="2710" status="PASS">
          <reporter-output>
          </reporter-output>
        </test-method> <!-- LoginClick -->
        <test-method is-config="true" signature="set()[pri:0, instance:test_Cases.TS_Login@48075da3]" started-at="2024-03-22T15:50:29 IST" name="set" finished-at="2024-03-22T15:50:29 IST" duration-ms="1" status="PASS">
          <reporter-output>
          </reporter-output>
        </test-method> <!-- set -->
        <test-method signature="InvalidLogin()[pri:2, instance:test_Cases.TS_Login@48075da3]" started-at="2024-03-22T15:50:29 IST" name="InvalidLogin" finished-at="2024-03-22T15:51:11 IST" depends-on-methods="test_Cases.TS_Login.LoginClick" duration-ms="41442" status="PASS">
          <reporter-output>
          </reporter-output>
        </test-method> <!-- InvalidLogin -->
        <test-method is-config="true" signature="set()[pri:0, instance:test_Cases.TS_Login@48075da3]" started-at="2024-03-22T15:51:11 IST" name="set" finished-at="2024-03-22T15:51:11 IST" duration-ms="3" status="PASS">
          <reporter-output>
          </reporter-output>
        </test-method> <!-- set -->
        <test-method signature="Error_Navigate()[pri:3, instance:test_Cases.TS_Login@48075da3]" started-at="2024-03-22T15:51:11 IST" name="Error_Navigate" finished-at="2024-03-22T15:51:54 IST" depends-on-methods="test_Cases.TS_Login.InvalidLogin" duration-ms="42700" status="PASS">
          <reporter-output>
          </reporter-output>
        </test-method> <!-- Error_Navigate -->
        <test-method is-config="true" signature="set()[pri:0, instance:test_Cases.TS_Login@48075da3]" started-at="2024-03-22T15:51:54 IST" name="set" finished-at="2024-03-22T15:51:54 IST" duration-ms="1" status="PASS">
          <reporter-output>
          </reporter-output>
        </test-method> <!-- set -->
        <test-method signature="LoginClickNew()[pri:4, instance:test_Cases.TS_Login@48075da3]" started-at="2024-03-22T15:51:54 IST" name="LoginClickNew" finished-at="2024-03-22T15:51:57 IST" duration-ms="2410" status="PASS">
          <reporter-output>
          </reporter-output>
        </test-method> <!-- LoginClickNew -->
        <test-method is-config="true" signature="set()[pri:0, instance:test_Cases.TS_Login@48075da3]" started-at="2024-03-22T15:51:57 IST" name="set" finished-at="2024-03-22T15:51:57 IST" duration-ms="1" status="PASS">
          <reporter-output>
          </reporter-output>
        </test-method> <!-- set -->
        <test-method signature="ValidLogin()[pri:5, instance:test_Cases.TS_Login@48075da3]" started-at="2024-03-22T15:51:57 IST" name="ValidLogin" finished-at="2024-03-22T15:52:39 IST" depends-on-methods="test_Cases.TS_Login.LoginClickNew" duration-ms="41985" status="PASS">
          <reporter-output>
          </reporter-output>
        </test-method> <!-- ValidLogin -->
        <test-method is-config="true" signature="tearDown()[pri:0, instance:test_Cases.TS_Login@48075da3]" started-at="2024-03-22T15:52:40 IST" name="tearDown" finished-at="2024-03-22T15:52:44 IST" duration-ms="4205" status="PASS">
          <reporter-output>
          </reporter-output>
        </test-method> <!-- tearDown -->
      </class> <!-- test_Cases.TS_Login -->
      <class name="test_Cases.TS_2">
        <test-method is-config="true" signature="setup(java.lang.String)[pri:0, instance:test_Cases.TS_2@16eb3ea3]" started-at="2024-03-22T15:54:23 IST" name="setup" finished-at="2024-03-22T15:55:10 IST" duration-ms="47135" status="PASS">
          <params>
            <param index="0">
              <value>
                <![CDATA[chrome]]>
              </value>
            </param>
          </params>
          <reporter-output>
          </reporter-output>
        </test-method> <!-- setup -->
        <test-method is-config="true" signature="set2()[pri:0, instance:test_Cases.TS_2@16eb3ea3]" started-at="2024-03-22T15:55:10 IST" name="set2" finished-at="2024-03-22T15:55:10 IST" duration-ms="3" status="PASS">
          <reporter-output>
          </reporter-output>
        </test-method> <!-- set2 -->
        <test-method signature="Popup_Handling()[pri:1, instance:test_Cases.TS_2@16eb3ea3]" started-at="2024-03-22T15:55:10 IST" name="Popup_Handling" finished-at="2024-03-22T15:55:50 IST" duration-ms="40189" status="PASS">
          <reporter-output>
          </reporter-output>
        </test-method> <!-- Popup_Handling -->
        <test-method is-config="true" signature="set2()[pri:0, instance:test_Cases.TS_2@16eb3ea3]" started-at="2024-03-22T15:55:51 IST" name="set2" finished-at="2024-03-22T15:55:51 IST" duration-ms="1" status="PASS">
          <reporter-output>
          </reporter-output>
        </test-method> <!-- set2 -->
        <test-method signature="hover_price()[pri:2, instance:test_Cases.TS_2@16eb3ea3]" started-at="2024-03-22T15:55:51 IST" name="hover_price" finished-at="2024-03-22T15:55:54 IST" duration-ms="2773" status="PASS">
          <reporter-output>
          </reporter-output>
        </test-method> <!-- hover_price -->
        <test-method is-config="true" signature="set2()[pri:0, instance:test_Cases.TS_2@16eb3ea3]" started-at="2024-03-22T15:55:54 IST" name="set2" finished-at="2024-03-22T15:55:54 IST" duration-ms="1" status="PASS">
          <reporter-output>
          </reporter-output>
        </test-method> <!-- set2 -->
        <test-method signature="Storage_Stock()[pri:3, instance:test_Cases.TS_2@16eb3ea3]" started-at="2024-03-22T15:55:54 IST" name="Storage_Stock" finished-at="2024-03-22T15:55:55 IST" duration-ms="459" status="PASS">
          <reporter-output>
          </reporter-output>
        </test-method> <!-- Storage_Stock -->
        <test-method is-config="true" signature="set2()[pri:0, instance:test_Cases.TS_2@16eb3ea3]" started-at="2024-03-22T15:55:55 IST" name="set2" finished-at="2024-03-22T15:55:55 IST" duration-ms="1" status="PASS">
          <reporter-output>
          </reporter-output>
        </test-method> <!-- set2 -->
        <test-method signature="select_Home_dkr()[pri:4, instance:test_Cases.TS_2@16eb3ea3]" started-at="2024-03-22T15:55:55 IST" name="select_Home_dkr" finished-at="2024-03-22T15:55:55 IST" duration-ms="324" status="PASS">
          <reporter-output>
          </reporter-output>
        </test-method> <!-- select_Home_dkr -->
        <test-method is-config="true" signature="set2()[pri:0, instance:test_Cases.TS_2@16eb3ea3]" started-at="2024-03-22T15:55:56 IST" name="set2" finished-at="2024-03-22T15:55:56 IST" duration-ms="1" status="PASS">
          <reporter-output>
          </reporter-output>
        </test-method> <!-- set2 -->
        <test-method signature="Print_Book2()[pri:5, instance:test_Cases.TS_2@16eb3ea3]" started-at="2024-03-22T15:55:56 IST" name="Print_Book2" finished-at="2024-03-22T15:55:56 IST" duration-ms="608" status="PASS">
          <reporter-output>
          </reporter-output>
        </test-method> <!-- Print_Book2 -->
        <test-method is-config="true" signature="set2()[pri:0, instance:test_Cases.TS_2@16eb3ea3]" started-at="2024-03-22T15:55:57 IST" name="set2" finished-at="2024-03-22T15:55:57 IST" duration-ms="1" status="PASS">
          <reporter-output>
          </reporter-output>
        </test-method> <!-- set2 -->
        <test-method signature="print_collection()[pri:6, instance:test_Cases.TS_2@16eb3ea3]" started-at="2024-03-22T15:55:57 IST" name="print_collection" finished-at="2024-03-22T15:55:58 IST" duration-ms="1789" status="PASS">
          <reporter-output>
          </reporter-output>
        </test-method> <!-- print_collection -->
        <test-method is-config="true" signature="tearDown()[pri:0, instance:test_Cases.TS_2@16eb3ea3]" started-at="2024-03-22T15:55:59 IST" name="tearDown" finished-at="2024-03-22T15:56:02 IST" duration-ms="3190" status="PASS">
          <reporter-output>
          </reporter-output>
        </test-method> <!-- tearDown -->
      </class> <!-- test_Cases.TS_2 -->
      <class name="test_Cases.TS_3">
        <test-method is-config="true" signature="setup(java.lang.String)[pri:0, instance:test_Cases.TS_3@273444fe]" started-at="2024-03-22T15:56:02 IST" name="setup" finished-at="2024-03-22T15:56:51 IST" duration-ms="49181" status="PASS">
          <params>
            <param index="0">
              <value>
                <![CDATA[chrome]]>
              </value>
            </param>
          </params>
          <reporter-output>
          </reporter-output>
        </test-method> <!-- setup -->
        <test-method is-config="true" signature="set3()[pri:0, instance:test_Cases.TS_3@273444fe]" started-at="2024-03-22T15:56:51 IST" name="set3" finished-at="2024-03-22T15:56:51 IST" duration-ms="60" status="PASS">
          <reporter-output>
          </reporter-output>
        </test-method> <!-- set3 -->
        <test-method signature="click_gift_card()[pri:1, instance:test_Cases.TS_3@273444fe]" started-at="2024-03-22T15:56:51 IST" name="click_gift_card" finished-at="2024-03-22T15:57:34 IST" duration-ms="43106" status="PASS">
          <reporter-output>
          </reporter-output>
        </test-method> <!-- click_gift_card -->
        <test-method is-config="true" signature="set3()[pri:0, instance:test_Cases.TS_3@273444fe]" started-at="2024-03-22T15:57:35 IST" name="set3" finished-at="2024-03-22T15:57:35 IST" duration-ms="1" status="PASS">
          <reporter-output>
          </reporter-output>
        </test-method> <!-- set3 -->
        <test-method signature="click_bNa()[pri:2, instance:test_Cases.TS_3@273444fe]" started-at="2024-03-22T15:57:35 IST" name="click_bNa" finished-at="2024-03-22T15:57:35 IST" duration-ms="300" status="PASS">
          <reporter-output>
          </reporter-output>
        </test-method> <!-- click_bNa -->
        <test-method is-config="true" signature="set3()[pri:0, instance:test_Cases.TS_3@273444fe]" started-at="2024-03-22T15:57:36 IST" name="set3" finished-at="2024-03-22T15:57:36 IST" duration-ms="2" status="PASS">
          <reporter-output>
          </reporter-output>
        </test-method> <!-- set3 -->
        <test-method signature="gift_info()[pri:3, instance:test_Cases.TS_3@273444fe]" started-at="2024-03-22T15:57:36 IST" name="gift_info" finished-at="2024-03-22T15:57:39 IST" duration-ms="3593" status="PASS">
          <reporter-output>
          </reporter-output>
        </test-method> <!-- gift_info -->
        <test-method is-config="true" signature="set3()[pri:0, instance:test_Cases.TS_3@273444fe]" started-at="2024-03-22T15:57:40 IST" name="set3" finished-at="2024-03-22T15:57:40 IST" duration-ms="2" status="PASS">
          <reporter-output>
          </reporter-output>
        </test-method> <!-- set3 -->
        <test-method signature="recipient_info()[pri:4, instance:test_Cases.TS_3@273444fe]" started-at="2024-03-22T15:57:40 IST" name="recipient_info" finished-at="2024-03-22T15:57:40 IST" duration-ms="585" status="PASS">
          <reporter-output>
          </reporter-output>
        </test-method> <!-- recipient_info -->
        <test-method is-config="true" signature="set3()[pri:0, instance:test_Cases.TS_3@273444fe]" started-at="2024-03-22T15:57:41 IST" name="set3" finished-at="2024-03-22T15:57:41 IST" duration-ms="2" status="PASS">
          <reporter-output>
          </reporter-output>
        </test-method> <!-- set3 -->
        <test-method signature="senders_info()[pri:5, instance:test_Cases.TS_3@273444fe]" started-at="2024-03-22T15:57:41 IST" name="senders_info" finished-at="2024-03-22T15:57:42 IST" duration-ms="1375" status="PASS">
          <reporter-output>
          </reporter-output>
        </test-method> <!-- senders_info -->
        <test-method is-config="true" signature="set3()[pri:0, instance:test_Cases.TS_3@273444fe]" started-at="2024-03-22T15:57:42 IST" name="set3" finished-at="2024-03-22T15:57:42 IST" duration-ms="1" status="PASS">
          <reporter-output>
          </reporter-output>
        </test-method> <!-- set3 -->
        <test-method signature="error_info()[pri:6, instance:test_Cases.TS_3@273444fe]" started-at="2024-03-22T15:57:42 IST" name="error_info" finished-at="2024-03-22T15:57:42 IST" duration-ms="49" status="PASS">
          <reporter-output>
          </reporter-output>
        </test-method> <!-- error_info -->
        <test-method is-config="true" signature="tearDown()[pri:0, instance:test_Cases.TS_3@273444fe]" started-at="2024-03-22T15:57:43 IST" name="tearDown" finished-at="2024-03-22T15:57:46 IST" duration-ms="3186" status="PASS">
          <reporter-output>
          </reporter-output>
        </test-method> <!-- tearDown -->
      </class> <!-- test_Cases.TS_3 -->
      <class name="test_Cases.TS_1">
        <test-method is-config="true" signature="setup(java.lang.String)[pri:0, instance:test_Cases.TS_1@413d1baf]" started-at="2024-03-22T15:52:44 IST" name="setup" finished-at="2024-03-22T15:53:31 IST" duration-ms="46946" status="PASS">
          <params>
            <param index="0">
              <value>
                <![CDATA[chrome]]>
              </value>
            </param>
          </params>
          <reporter-output>
          </reporter-output>
        </test-method> <!-- setup -->
        <test-method is-config="true" signature="set1()[pri:0, instance:test_Cases.TS_1@413d1baf]" started-at="2024-03-22T15:53:31 IST" name="set1" finished-at="2024-03-22T15:53:31 IST" duration-ms="14" status="PASS">
          <reporter-output>
          </reporter-output>
        </test-method> <!-- set1 -->
        <test-method signature="Handle_Popup()[pri:1, instance:test_Cases.TS_1@413d1baf]" started-at="2024-03-22T15:53:31 IST" name="Handle_Popup" finished-at="2024-03-22T15:54:11 IST" duration-ms="40574" status="PASS">
          <reporter-output>
          </reporter-output>
        </test-method> <!-- Handle_Popup -->
        <test-method is-config="true" signature="set1()[pri:0, instance:test_Cases.TS_1@413d1baf]" started-at="2024-03-22T15:54:12 IST" name="set1" finished-at="2024-03-22T15:54:12 IST" duration-ms="1" status="PASS">
          <reporter-output>
          </reporter-output>
        </test-method> <!-- set1 -->
        <test-method signature="Price_Setting()[pri:3, instance:test_Cases.TS_1@413d1baf]" started-at="2024-03-22T15:54:12 IST" name="Price_Setting" finished-at="2024-03-22T15:54:15 IST" duration-ms="2786" status="PASS">
          <reporter-output>
          </reporter-output>
        </test-method> <!-- Price_Setting -->
        <test-method is-config="true" signature="set1()[pri:0, instance:test_Cases.TS_1@413d1baf]" started-at="2024-03-22T15:54:15 IST" name="set1" finished-at="2024-03-22T15:54:15 IST" duration-ms="1" status="PASS">
          <reporter-output>
          </reporter-output>
        </test-method> <!-- set1 -->
        <test-method signature="Storage_Stock()[pri:5, instance:test_Cases.TS_1@413d1baf]" started-at="2024-03-22T15:54:15 IST" name="Storage_Stock" finished-at="2024-03-22T15:54:16 IST" duration-ms="538" status="PASS">
          <reporter-output>
          </reporter-output>
        </test-method> <!-- Storage_Stock -->
        <test-method is-config="true" signature="set1()[pri:0, instance:test_Cases.TS_1@413d1baf]" started-at="2024-03-22T15:54:16 IST" name="set1" finished-at="2024-03-22T15:54:16 IST" duration-ms="1" status="PASS">
          <reporter-output>
          </reporter-output>
        </test-method> <!-- set1 -->
        <test-method signature="BookShelve()[pri:8, instance:test_Cases.TS_1@413d1baf]" started-at="2024-03-22T15:54:16 IST" name="BookShelve" finished-at="2024-03-22T15:54:19 IST" duration-ms="3308" status="PASS">
          <reporter-output>
          </reporter-output>
        </test-method> <!-- BookShelve -->
        <test-method is-config="true" signature="tearDown()[pri:0, instance:test_Cases.TS_1@413d1baf]" started-at="2024-03-22T15:54:20 IST" name="tearDown" finished-at="2024-03-22T15:54:23 IST" duration-ms="3319" status="PASS">
          <reporter-output>
          </reporter-output>
        </test-method> <!-- tearDown -->
      </class> <!-- test_Cases.TS_1 -->
    </test> <!-- Test -->
  </suite> <!-- Suite -->
</testng-results>
